<?xml version="1.0" encoding="utf-8"?><testsuites name="pytest tests"><testsuite name="pytest" errors="0" failures="0" skipped="0" tests="7" time="60.595" timestamp="2026-07-22T19:49:14.560923+00:00" hostname="agent-env-cfae6d98-c428-4273-9f8b-f317fc0f6ee3"><testcase classname="backend.tests.test_bootstrap_tab_e11000_fix.TestBootstrapTabE11000Fix" name="test_bootstrap_tab_completes_without_e11000" time="30.252" /><testcase classname="backend.tests.test_bootstrap_tab_e11000_fix.TestDataIntegrity" name="test_master_companies_count" time="0.018" /><testcase classname="backend.tests.test_bootstrap_tab_e11000_fix.TestDataIntegrity" name="test_master_id_is_unique" time="0.041" /><testcase classname="backend.tests.test_bootstrap_tab_e11000_fix.TestDataIntegrity" name="test_cif_normalized_is_unique" time="0.033" /><testcase classname="backend.tests.test_bootstrap_tab_e11000_fix.TestDataIntegrity" name="test_unique_indexes_exist" time="0.001" /><testcase classname="backend.tests.test_bootstrap_tab_e11000_fix.TestResolverBehavior" name="test_resolver_behavior_combined" time="0.076" /><testcase classname="backend.tests.test_bootstrap_tab_e11000_fix.TestIdempotency" name="test_second_bootstrap_no_e11000_and_stable_count" time="30.053" /></testsuite></testsuites>