<?xml version="1.0" encoding="utf-8"?><testsuites name="pytest tests"><testsuite name="pytest" errors="0" failures="0" skipped="0" tests="4" time="5.260" timestamp="2026-07-22T15:48:22.436968+00:00" hostname="agent-env-cfae6d98-c428-4273-9f8b-f317fc0f6ee3"><testcase classname="backend.tests.test_cnmv_sync_fix" name="test_cnmv_match_companies" time="5.201" /><testcase classname="backend.tests.test_cnmv_sync_fix" name="test_cnmv_rebuild_signals" time="0.009" /><testcase classname="backend.tests.test_cnmv_sync_fix" name="test_health_before" time="0.003" /><testcase classname="backend.tests.test_cnmv_sync_fix" name="test_health_after" time="0.002" /></testsuite></testsuites>