<?xml version="1.0" encoding="utf-8"?><testsuites name="pytest tests"><testsuite name="pytest" errors="0" failures="0" skipped="1" tests="7" time="6.319" timestamp="2026-09-07T12:18:44.255459+00:00" hostname="agent-env-cfae6d98-c428-4273-9f8b-f317fc0f6ee3"><testcase classname="backend.tests.test_intel_fixes" name="test_skills_search_territory_returns_results[Malaga]" time="0.808" /><testcase classname="backend.tests.test_intel_fixes" name="test_skills_search_territory_returns_results[M\xe1laga]" time="0.281" /><testcase classname="backend.tests.test_intel_fixes" name="test_skills_search_territory_returns_results[Andaluc\xeda]" time="0.353" /><testcase classname="backend.tests.test_intel_fixes" name="test_skills_search_territory_returns_results[Castilla la mancha]" time="0.325" /><testcase classname="backend.tests.test_intel_fixes" name="test_skills_search_andalucia_expands_to_provinces" time="0.455" /><testcase classname="backend.tests.test_intel_fixes" name="test_procurement_overview_structure_and_cache" time="3.974" /><testcase classname="backend.tests.test_intel_fixes" name="test_procurement_status" time="0.069"><skipped type="pytest.skip" message="status endpoint requires auth (Depends(get_current_user)); no credentials available for public test — expected behavior">/app/backend/tests/test_intel_fixes.py:127: status endpoint requires auth (Depends(get_current_user)); no credentials available for public test — expected behavior</skipped></testcase></testsuite></testsuites>