<?xml version="1.0" encoding="utf-8"?><testsuites name="pytest tests"><testsuite name="pytest" errors="0" failures="0" skipped="0" tests="21" time="1.801" timestamp="2026-07-24T09:40:34.397442+00:00" hostname="agent-env-cfae6d98-c428-4273-9f8b-f317fc0f6ee3"><testcase classname="tests.test_v17_docstudio.TestDocstudioRegression" name="test_list_documents" time="0.233" /><testcase classname="tests.test_v17_docstudio.TestDocstudioRegression" name="test_document_detail" time="0.009" /><testcase classname="tests.test_v17_docstudio.TestDocstudioRegression" name="test_templates_list" time="0.004" /><testcase classname="tests.test_v17_docstudio.TestDocstudioRegression" name="test_brands_list" time="0.003" /><testcase classname="tests.test_v17_docstudio.TestDocstudioRegression" name="test_export_pdf" time="0.339" /><testcase classname="tests.test_v17_docstudio.TestDocstudioRegression" name="test_export_pptx" time="0.015" /><testcase classname="tests.test_v17_docstudio.TestLayoutOps" name="test_add_move_delete_block_and_pagebreak" time="0.341" /><testcase classname="tests.test_v17_docstudio.TestLayoutOps" name="test_add_and_remove_section" time="0.011" /><testcase classname="tests.test_v17_docstudio.TestComposerRealData" name="test_company_snapshot_real_master_id" time="0.115" /><testcase classname="tests.test_v17_docstudio.TestComposerRealData" name="test_sector_report_cnae" time="0.013" /><testcase classname="tests.test_v17_docstudio.TestEnginesRegression" name="test_signal_stats_view" time="0.411" /><testcase classname="tests.test_v17_docstudio.TestEnginesRegression" name="test_opportunities_view" time="0.040" /><testcase classname="tests.test_v17_docstudio.TestEnginesRegression" name="test_fragmentation" time="0.027" /><testcase classname="tests.test_v17_docstudio.TestEnginesRegression" name="test_ratios_catalog" time="0.005" /><testcase classname="tests.test_v17_docstudio.TestEnginesRegression" name="test_watchlist_post_and_get" time="0.004" /><testcase classname="tests.test_v17_docstudio.TestEnginesRegression" name="test_iberinform_stats" time="0.126" /><testcase classname="tests.test_v17_docstudio.TestEnginesRegression" name="test_providers_health" time="0.041" /><testcase classname="tests.test_v17_docstudio.TestAuthNegatives" name="test_layout_without_jwt" time="0.003" /><testcase classname="tests.test_v17_docstudio.TestAuthNegatives" name="test_stats_view_without_jwt" time="0.002" /><testcase classname="tests.test_v17_docstudio.TestAuthNegatives" name="test_fragmentation_without_key" time="0.002" /><testcase classname="tests.test_v17_docstudio.TestAuthNegatives" name="test_fragmentation_bad_key" time="0.004" /></testsuite></testsuites>