<?xml version="1.0" encoding="utf-8"?><testsuites name="pytest tests"><testsuite name="pytest" errors="0" failures="0" skipped="0" tests="17" time="5.018" timestamp="2026-09-09T08:47:02.931290+00:00" hostname="agent-env-cfae6d98-c428-4273-9f8b-f317fc0f6ee3"><testcase classname="backend.tests.test_intel_batch_2026_09_09" name="test_suggest_empty_query" time="0.327" /><testcase classname="backend.tests.test_intel_batch_2026_09_09" name="test_suggest_single_char" time="0.067" /><testcase classname="backend.tests.test_intel_batch_2026_09_09" name="test_suggest_prefix_match_ba" time="0.082" /><testcase classname="backend.tests.test_intel_batch_2026_09_09" name="test_suggest_diacritic_insensitive" time="0.173" /><testcase classname="backend.tests.test_intel_batch_2026_09_09" name="test_suggest_limit_caps_at_20" time="0.182" /><testcase classname="backend.tests.test_intel_batch_2026_09_09" name="test_suggest_order_by_revenue_desc" time="0.204" /><testcase classname="backend.tests.test_intel_batch_2026_09_09" name="test_skills_sort_by_name_asc" time="0.142" /><testcase classname="backend.tests.test_intel_batch_2026_09_09" name="test_skills_sort_by_revenue_desc" time="0.129" /><testcase classname="backend.tests.test_intel_batch_2026_09_09" name="test_skills_sort_by_invalid_falls_back" time="1.133" /><testcase classname="backend.tests.test_intel_batch_2026_09_09" name="test_skills_no_sort_backwards_compatible" time="0.209" /><testcase classname="backend.tests.test_intel_batch_2026_09_09" name="test_taxonomy_sort_by_name_asc" time="0.358" /><testcase classname="backend.tests.test_intel_batch_2026_09_09" name="test_taxonomy_sort_by_revenue_desc" time="0.238" /><testcase classname="backend.tests.test_intel_batch_2026_09_09" name="test_taxonomy_no_sort_backwards_compatible" time="0.232" /><testcase classname="backend.tests.test_intel_batch_2026_09_09" name="test_skills_pagination_no_overlap_sort_name" time="0.223" /><testcase classname="backend.tests.test_intel_batch_2026_09_09" name="test_skills_pagination_stable" time="0.218" /><testcase classname="backend.tests.test_intel_batch_2026_09_09" name="test_taxonomy_pagination_no_overlap_sort_name" time="0.482" /><testcase classname="backend.tests.test_intel_batch_2026_09_09" name="test_taxonomy_pagination_stable" time="0.534" /></testsuite></testsuites>