<?xml version="1.0" encoding="utf-8"?><testsuites name="pytest tests"><testsuite name="pytest" errors="0" failures="1" skipped="0" tests="20" time="4.141" timestamp="2026-07-23T18:50:44.825787+00:00" hostname="agent-env-cfae6d98-c428-4273-9f8b-f317fc0f6ee3"><testcase classname="tests.test_v16_signal_intelligence.TestStats" name="test_stats_view" time="1.009" /><testcase classname="tests.test_v16_signal_intelligence.TestOpportunities" name="test_opportunities_view_multi_type" time="0.177" /><testcase classname="tests.test_v16_signal_intelligence.TestOpportunities" name="test_opportunities_view_filter_by_type" time="0.180" /><testcase classname="tests.test_v16_signal_intelligence.TestOpportunities" name="test_opportunities_view_invalid_combo_ok" time="0.183" /><testcase classname="tests.test_v16_signal_intelligence.TestOpportunities" name="test_opportunities_feed_view" time="0.170" /><testcase classname="tests.test_v16_signal_intelligence.TestSignals" name="test_catalog_view" time="0.118" /><testcase classname="tests.test_v16_signal_intelligence.TestSignals" name="test_signals_list_view" time="0.221" /><testcase classname="tests.test_v16_signal_intelligence.TestSignals" name="test_signal_detail_view" time="0.130" /><testcase classname="tests.test_v16_signal_intelligence.TestAuthNegatives" name="test_service_endpoint_no_key" time="0.104" /><testcase classname="tests.test_v16_signal_intelligence.TestAuthNegatives" name="test_service_endpoint_bad_key" time="0.152" /><testcase classname="tests.test_v16_signal_intelligence.TestAuthNegatives" name="test_fragmentation_no_key" time="0.103" /><testcase classname="tests.test_v16_signal_intelligence.TestAuthNegatives" name="test_jwt_endpoint_no_token" time="0.109" /><testcase classname="tests.test_v16_signal_intelligence.TestAuthNegatives" name="test_watchlist_no_token" time="0.143" /><testcase classname="tests.test_v16_signal_intelligence.TestAuthNegatives" name="test_opportunities_view_no_token" time="0.140" /><testcase classname="tests.test_v16_signal_intelligence.TestRegression" name="test_fragmentation" time="0.132" /><testcase classname="tests.test_v16_signal_intelligence.TestRegression" name="test_ratios_catalog" time="0.110" /><testcase classname="tests.test_v16_signal_intelligence.TestRegression" name="test_rollup_thesis" time="0.357" /><testcase classname="tests.test_v16_signal_intelligence.TestRegression" name="test_watchlist_get" time="0.103" /><testcase classname="tests.test_v16_signal_intelligence.TestRegression" name="test_iberinform_stats" time="0.231"><failure message="AssertionError: expected 24992 real, got: {'generated_at': '2026-07-23T18:50:48.731980+00:00', 'response_time_ms': 126.6, 'iberinform': {'total_companies': 24992, 'real_companies': 24992, 'synthetic_companies': 0, 'total_fiscal_years': 13464, 'cnae_divisions_covered': 85, 'provinces_covered': 49, 'years_covered': [2025, 2024, 2023, 2022, 2021, 2020, 2019, 2018, 2017, 2016], 'top_cnae_divisions': [{'code': '68', 'count': 8418}, {'code': '46', 'count': 1502}, {'code': '47', 'count': 1483}, {'code': '69', 'count': 1234}, {'code': '43', 'count': 886}, {'code': '41', 'count': 843}, {'code': '56', 'count': 695}, {'code': '01', 'count': 656}, {'code': '71', 'count': 554}, {'code': '82', 'count': 535}], 'top_provinces': [{'code': '28', 'count': 5751}, {'code': '08', 'count': 3845}, {'code': '', 'count': 2133}, {'code': '29', 'count': 1096}, {'code': '46', 'count': 980}, {'code': '48', 'count': 733}, {'code': '03', 'count': 675}, {'code': '17', 'count': 660}, {'code': '30', 'count': 657}, {'code': '41', 'count': 614}], 'revenue_stats': {'_id': None, 'avg_revenue': 413938.77262724075, 'max_revenue': 1019147000.0, 'min_revenue': -28862.51, 'avg_employees': 1.6631722151088348}}, 'companies_master': {'total': 24992, 'with_cnae': 24992, 'with_province': 24992, 'cnae_coverage_pct': 100.0, 'province_coverage_pct': 100.0}}&#10;assert (None == 24992 or (False))&#10; +  where False = isinstance(None, dict)">tests/test_v16_signal_intelligence.py:183: in test_iberinform_stats
    assert real == 24992 or (isinstance(real, dict) and False), f"expected 24992 real, got: {d}"
E   AssertionError: expected 24992 real, got: {'generated_at': '2026-07-23T18:50:48.731980+00:00', 'response_time_ms': 126.6, 'iberinform': {'total_companies': 24992, 'real_companies': 24992, 'synthetic_companies': 0, 'total_fiscal_years': 13464, 'cnae_divisions_covered': 85, 'provinces_covered': 49, 'years_covered': [2025, 2024, 2023, 2022, 2021, 2020, 2019, 2018, 2017, 2016], 'top_cnae_divisions': [{'code': '68', 'count': 8418}, {'code': '46', 'count': 1502}, {'code': '47', 'count': 1483}, {'code': '69', 'count': 1234}, {'code': '43', 'count': 886}, {'code': '41', 'count': 843}, {'code': '56', 'count': 695}, {'code': '01', 'count': 656}, {'code': '71', 'count': 554}, {'code': '82', 'count': 535}], 'top_provinces': [{'code': '28', 'count': 5751}, {'code': '08', 'count': 3845}, {'code': '', 'count': 2133}, {'code': '29', 'count': 1096}, {'code': '46', 'count': 980}, {'code': '48', 'count': 733}, {'code': '03', 'count': 675}, {'code': '17', 'count': 660}, {'code': '30', 'count': 657}, {'code': '41', 'count': 614}], 'revenue_stats': {'_id': None, 'avg_revenue': 413938.77262724075, 'max_revenue': 1019147000.0, 'min_revenue': -28862.51, 'avg_employees': 1.6631722151088348}}, 'companies_master': {'total': 24992, 'with_cnae': 24992, 'with_province': 24992, 'cnae_coverage_pct': 100.0, 'province_coverage_pct': 100.0}}
E   assert (None == 24992 or (False))
E    +  where False = isinstance(None, dict)</failure></testcase><testcase classname="tests.test_v16_signal_intelligence.TestRegression" name="test_data_providers_health" time="0.200" /></testsuite></testsuites>