<?xml version="1.0" encoding="utf-8"?><testsuites name="pytest tests"><testsuite name="pytest" errors="0" failures="0" skipped="0" tests="20" time="43.785" timestamp="2026-07-24T15:10:10.816302+00:00" hostname="agent-env-cfae6d98-c428-4273-9f8b-f317fc0f6ee3"><testcase classname="tests.test_v22_docstudio_async.TestAsyncCompose" name="test_compose_async_enqueue_and_poll" time="20.679" /><testcase classname="tests.test_v22_docstudio_async.TestAsyncCompose" name="test_eta_endpoint" time="0.005" /><testcase classname="tests.test_v22_docstudio_async.TestAsyncCompose" name="test_notifications_list" time="0.004" /><testcase classname="tests.test_v22_docstudio_async.TestSyncCompose" name="test_company_snapshot_with_ai_content" time="21.805" /><testcase classname="tests.test_v22_docstudio_async.TestLayout" name="test_add_delete_block" time="0.236" /><testcase classname="tests.test_v22_docstudio_async.TestLayout" name="test_page_break" time="0.004" /><testcase classname="tests.test_v22_docstudio_async.TestLayout" name="test_brand_overlay" time="0.007" /><testcase classname="tests.test_v22_docstudio_async.TestLayout" name="test_color_override" time="0.004" /><testcase classname="tests.test_v22_docstudio_async.TestExport" name="test_export_pdf" time="0.321" /><testcase classname="tests.test_v22_docstudio_async.TestExport" name="test_export_pptx" time="0.014" /><testcase classname="tests.test_v22_docstudio_async.TestRegression" name="test_signal_stats" time="0.388" /><testcase classname="tests.test_v22_docstudio_async.TestRegression" name="test_opportunities_view" time="0.042" /><testcase classname="tests.test_v22_docstudio_async.TestRegression" name="test_fragmentation" time="0.024" /><testcase classname="tests.test_v22_docstudio_async.TestRegression" name="test_ratios_catalog" time="0.003" /><testcase classname="tests.test_v22_docstudio_async.TestRegression" name="test_watchlist_get" time="0.004" /><testcase classname="tests.test_v22_docstudio_async.TestRegression" name="test_iberinform_stats" time="0.126" /><testcase classname="tests.test_v22_docstudio_async.TestRegression" name="test_providers_health" time="0.039" /><testcase classname="tests.test_v22_docstudio_async.TestAuthNegatives" name="test_docstudio_no_jwt" time="0.002" /><testcase classname="tests.test_v22_docstudio_async.TestAuthNegatives" name="test_stats_view_no_jwt" time="0.002" /><testcase classname="tests.test_v22_docstudio_async.TestAuthNegatives" name="test_fragmentation_no_key" time="0.002" /></testsuite></testsuites>