<?xml version="1.0" encoding="utf-8"?><testsuites name="pytest tests"><testsuite name="pytest" errors="0" failures="1" skipped="0" tests="21" time="46.955" timestamp="2026-07-25T20:04:23.320233+00:00" hostname="agent-env-cfae6d98-c428-4273-9f8b-f317fc0f6ee3"><testcase classname="tests.test_v23_chromium_infomemo.TestChromiumFlags" name="test_flags_present_in_all_files" time="0.001" /><testcase classname="tests.test_v23_chromium_infomemo.TestChromiumFlags" name="test_backend_healthy_after_patch" time="0.005" /><testcase classname="tests.test_v23_chromium_infomemo.TestChromiumFlags" name="test_chromium_binary_installed" time="0.000" /><testcase classname="tests.test_v23_chromium_infomemo.TestInformationMemorandum" name="test_compose_returns_doc_id" time="25.433" /><testcase classname="tests.test_v23_chromium_infomemo.TestInformationMemorandum" name="test_document_has_expected_structure" time="0.015" /><testcase classname="tests.test_v23_chromium_infomemo.TestInformationMemorandum" name="test_export_pdf" time="1.440" /><testcase classname="tests.test_v23_chromium_infomemo.TestInformationMemorandum" name="test_export_pptx" time="0.120" /><testcase classname="tests.test_v23_chromium_infomemo.TestAsyncCompose" name="test_async_flow_end_to_end" time="19.028" /><testcase classname="tests.test_v23_chromium_infomemo.TestEngineRegressions" name="test_fragmentation" time="0.027" /><testcase classname="tests.test_v23_chromium_infomemo.TestEngineRegressions" name="test_rollup_thesis" time="0.133" /><testcase classname="tests.test_v23_chromium_infomemo.TestEngineRegressions" name="test_ratios_catalog" time="0.004" /><testcase classname="tests.test_v23_chromium_infomemo.TestEngineRegressions" name="test_control_synergy" time="0.004"><failure message="AssertionError: {&quot;detail&quot;:&quot;master_id_a y master_id_b deben existir en master_companies&quot;}&#10;assert 404 == 200&#10; +  where 404 = &lt;Response [404]&gt;.status_code">tests/test_v23_chromium_infomemo.py:253: in test_control_synergy
    assert r.status_code == 200, r.text[:200]
E   AssertionError: {"detail":"master_id_a y master_id_b deben existir en master_companies"}
E   assert 404 == 200
E    +  where 404 = &lt;Response [404]&gt;.status_code</failure></testcase><testcase classname="tests.test_v23_chromium_infomemo.TestEngineRegressions" name="test_signal_stats" time="0.392" /><testcase classname="tests.test_v23_chromium_infomemo.TestEngineRegressions" name="test_signal_opportunities" time="0.044" /><testcase classname="tests.test_v23_chromium_infomemo.TestEngineRegressions" name="test_watchlist_get_and_post" time="0.015" /><testcase classname="tests.test_v23_chromium_infomemo.TestEngineRegressions" name="test_admin_iberinform_stats" time="0.131" /><testcase classname="tests.test_v23_chromium_infomemo.TestEngineRegressions" name="test_data_providers_health" time="0.048" /><testcase classname="tests.test_v23_chromium_infomemo.TestAuthNegatives" name="test_service_endpoints_reject_missing_key" time="0.006" /><testcase classname="tests.test_v23_chromium_infomemo.TestAuthNegatives" name="test_service_endpoints_reject_bad_key" time="0.003" /><testcase classname="tests.test_v23_chromium_infomemo.TestAuthNegatives" name="test_jwt_endpoints_reject_missing_token" time="0.008" /><testcase classname="tests.test_v23_chromium_infomemo.TestAuthNegatives" name="test_docstudio_compose_rejects_missing_jwt" time="0.002" /></testsuite></testsuites>