<?xml version="1.0" encoding="utf-8"?><testsuites name="pytest tests"><testsuite name="pytest" errors="0" failures="0" skipped="0" tests="9" time="0.882" timestamp="2026-07-22T10:23:27.540429+00:00" hostname="agent-env-cfae6d98-c428-4273-9f8b-f317fc0f6ee3"><testcase classname="backend.tests.test_review_endpoints" name="test_ep1_fragmentation_ok" time="0.534" /><testcase classname="backend.tests.test_review_endpoints" name="test_ep1_fragmentation_missing_key" time="0.003" /><testcase classname="backend.tests.test_review_endpoints" name="test_ep1_fragmentation_invalid_key" time="0.003" /><testcase classname="backend.tests.test_review_endpoints" name="test_ep2_ratios_catalog_ok" time="0.003" /><testcase classname="backend.tests.test_review_endpoints" name="test_ep2_ratios_catalog_missing_key" time="0.002" /><testcase classname="backend.tests.test_review_endpoints" name="test_ep3_watchlist_add_and_list" time="0.270" /><testcase classname="backend.tests.test_review_endpoints" name="test_ep3_watchlist_no_auth" time="0.004" /><testcase classname="backend.tests.test_review_endpoints" name="test_ep4_traverse_ok" time="0.009" /><testcase classname="backend.tests.test_review_endpoints" name="test_ep4_traverse_no_auth" time="0.002" /></testsuite></testsuites>