<?xml version="1.0" encoding="utf-8"?><testsuites name="pytest tests"><testsuite name="pytest" errors="0" failures="0" skipped="0" tests="8" time="1.785" timestamp="2026-07-22T09:28:47.756564+00:00" hostname="agent-env-cfae6d98-c428-4273-9f8b-f317fc0f6ee3"><testcase classname="backend.tests.test_signal_intelligence_admin" name="test_step1_borme_link_backfill" time="0.451" /><testcase classname="backend.tests.test_signal_intelligence_admin" name="test_step1_idempotent" time="0.006" /><testcase classname="backend.tests.test_signal_intelligence_admin" name="test_step2_baselines_compute" time="0.834" /><testcase classname="backend.tests.test_signal_intelligence_admin" name="test_step2b_baselines_status" time="0.005" /><testcase classname="backend.tests.test_signal_intelligence_admin" name="test_step3_rebuild_competitor_graph" time="0.424" /><testcase classname="backend.tests.test_signal_intelligence_admin" name="test_signal_intel_rejects_missing_apikey" time="0.003" /><testcase classname="backend.tests.test_signal_intelligence_admin" name="test_signal_intel_rejects_bad_apikey" time="0.003" /><testcase classname="backend.tests.test_signal_intelligence_admin" name="test_rebuild_competitor_graph_rejects_no_jwt" time="0.002" /></testsuite></testsuites>