<?xml version="1.0" encoding="utf-8"?><testsuites name="pytest tests"><testsuite name="pytest" errors="0" failures="0" skipped="0" tests="15" time="27.661" timestamp="2026-07-25T20:20:43.691071+00:00" hostname="agent-env-cfae6d98-c428-4273-9f8b-f317fc0f6ee3"><testcase classname="tests.test_v24_infomemo_pdf_fix.TestPDFExport" name="test_export_pdf_landscape_and_pages" time="26.747" /><testcase classname="tests.test_v24_infomemo_pdf_fix.TestPreviewHTML" name="test_preview_contains_new_blocks" time="0.015" /><testcase classname="tests.test_v24_infomemo_pdf_fix.TestRegression" name="test_fragmentation" time="0.027" /><testcase classname="tests.test_v24_infomemo_pdf_fix.TestRegression" name="test_rollup" time="0.137" /><testcase classname="tests.test_v24_infomemo_pdf_fix.TestRegression" name="test_ratios_catalog" time="0.005" /><testcase classname="tests.test_v24_infomemo_pdf_fix.TestRegression" name="test_control_synergy" time="0.018" /><testcase classname="tests.test_v24_infomemo_pdf_fix.TestRegression" name="test_signal_stats_view" time="0.417" /><testcase classname="tests.test_v24_infomemo_pdf_fix.TestRegression" name="test_signal_ops_view" time="0.048" /><testcase classname="tests.test_v24_infomemo_pdf_fix.TestRegression" name="test_watchlist_post_get" time="0.013" /><testcase classname="tests.test_v24_infomemo_pdf_fix.TestRegression" name="test_iberinform_stats" time="0.134" /><testcase classname="tests.test_v24_infomemo_pdf_fix.TestRegression" name="test_data_providers_health" time="0.041" /><testcase classname="tests.test_v24_infomemo_pdf_fix.TestAuthNegatives" name="test_service_endpoint_rejects_missing_key" time="0.003" /><testcase classname="tests.test_v24_infomemo_pdf_fix.TestAuthNegatives" name="test_jwt_endpoint_rejects_missing_token" time="0.002" /><testcase classname="tests.test_v24_infomemo_pdf_fix.TestAuthNegatives" name="test_docstudio_compose_rejects_missing_token" time="0.003" /><testcase classname="tests.test_v24_infomemo_pdf_fix.TestChromiumFlags" name="test_flags_present" time="0.000" /></testsuite></testsuites>