<?xml version="1.0" encoding="utf-8"?><testsuites name="pytest tests"><testsuite name="pytest" errors="0" failures="0" skipped="0" tests="17" time="27.333" timestamp="2026-07-26T08:52:19.741213+00:00" hostname="agent-env-cfae6d98-c428-4273-9f8b-f317fc0f6ee3"><testcase classname="tests.test_v25_brand_live_editor.TestBrandPreviewLive" name="test_preview_live_full_tokens" time="0.244" /><testcase classname="tests.test_v25_brand_live_editor.TestBrandPreviewLive" name="test_preview_live_partial_brand" time="0.004" /><testcase classname="tests.test_v25_brand_live_editor.TestBrandPreviewLive" name="test_preview_live_requires_jwt" time="0.003" /><testcase classname="tests.test_v25_brand_live_editor.TestExportRegression" name="test_pptx_export" time="24.431" /><testcase classname="tests.test_v25_brand_live_editor.TestExportRegression" name="test_pdf_export" time="1.528" /><testcase classname="tests.test_v25_brand_live_editor.TestBrandCRUD" name="test_list_and_update_brand" time="0.031" /><testcase classname="tests.test_v25_brand_live_editor.TestMAEndpoints" name="test_fragmentation" time="0.029" /><testcase classname="tests.test_v25_brand_live_editor.TestMAEndpoints" name="test_ratios_catalog" time="0.004" /><testcase classname="tests.test_v25_brand_live_editor.TestMAEndpoints" name="test_signal_stats" time="0.590" /><testcase classname="tests.test_v25_brand_live_editor.TestMAEndpoints" name="test_signal_opportunities" time="0.052" /><testcase classname="tests.test_v25_brand_live_editor.TestMAEndpoints" name="test_iberinform_stats" time="0.233" /><testcase classname="tests.test_v25_brand_live_editor.TestMAEndpoints" name="test_data_providers_health" time="0.069" /><testcase classname="tests.test_v25_brand_live_editor.TestMAEndpoints" name="test_watchlist_flow" time="0.016" /><testcase classname="tests.test_v25_brand_live_editor.TestAuthNegatives" name="test_stats_view_no_jwt" time="0.003" /><testcase classname="tests.test_v25_brand_live_editor.TestAuthNegatives" name="test_watchlist_no_jwt" time="0.002" /><testcase classname="tests.test_v25_brand_live_editor.TestAuthNegatives" name="test_fragmentation_no_apikey" time="0.003" /><testcase classname="tests.test_v25_brand_live_editor.TestAuthNegatives" name="test_ratios_bad_apikey" time="0.007" /></testsuite></testsuites>