<?xml version="1.0" encoding="utf-8"?><testsuites name="pytest tests"><testsuite name="pytest" errors="0" failures="0" skipped="0" tests="11" time="0.452" timestamp="2026-07-22T10:52:03.852005+00:00" hostname="agent-env-cfae6d98-c428-4273-9f8b-f317fc0f6ee3"><testcase classname="backend.tests.test_v2_new_endpoints" name="test_health" time="0.007" /><testcase classname="backend.tests.test_v2_new_endpoints.TestRollupThesis" name="test_success" time="0.013" /><testcase classname="backend.tests.test_v2_new_endpoints.TestRollupThesis" name="test_missing_cnae_value" time="0.003" /><testcase classname="backend.tests.test_v2_new_endpoints.TestRollupThesis" name="test_missing_api_key" time="0.002" /><testcase classname="backend.tests.test_v2_new_endpoints.TestRollupThesis" name="test_invalid_api_key" time="0.002" /><testcase classname="backend.tests.test_v2_new_endpoints.TestControlSynergy" name="test_success" time="0.342" /><testcase classname="backend.tests.test_v2_new_endpoints.TestControlSynergy" name="test_missing_jwt" time="0.003" /><testcase classname="backend.tests.test_v2_new_endpoints.TestControlSynergy" name="test_invalid_jwt" time="0.002" /><testcase classname="backend.tests.test_v2_new_endpoints.TestRegression" name="test_fragmentation" time="0.005" /><testcase classname="backend.tests.test_v2_new_endpoints.TestRegression" name="test_ratios_catalog" time="0.003" /><testcase classname="backend.tests.test_v2_new_endpoints.TestRegression" name="test_watchlist_post_get" time="0.013" /></testsuite></testsuites>