<?xml version="1.0" encoding="utf-8"?><testsuites name="pytest tests"><testsuite name="pytest" errors="0" failures="1" skipped="0" tests="13" time="3.127" timestamp="2026-07-22T11:20:36.165560+00:00" hostname="agent-env-cfae6d98-c428-4273-9f8b-f317fc0f6ee3"><testcase classname="backend.tests.test_v3_ma_engine" name="test_health" time="0.249" /><testcase classname="backend.tests.test_v3_ma_engine" name="test_fragmentation" time="0.145" /><testcase classname="backend.tests.test_v3_ma_engine" name="test_ratios_catalog" time="0.105" /><testcase classname="backend.tests.test_v3_ma_engine" name="test_borme_link_backfill" time="0.151" /><testcase classname="backend.tests.test_v3_ma_engine" name="test_baselines_compute_and_status" time="0.847" /><testcase classname="backend.tests.test_v3_ma_engine" name="test_rollup_thesis" time="0.142" /><testcase classname="backend.tests.test_v3_ma_engine" name="test_watchlist_post_get" time="0.601"><failure message="AssertionError: master_id not in list: []&#10;assert False&#10; +  where False = any(&lt;generator object test_watchlist_post_get.&lt;locals&gt;.&lt;genexpr&gt; at 0xfc0fd506b760&gt;)">backend/tests/test_v3_ma_engine.py:111: in test_watchlist_post_get
    assert any((it.get("master_id") == MASTER_A) for it in items), f"master_id not in list: {items}"
E   AssertionError: master_id not in list: []
E   assert False
E    +  where False = any(&lt;generator object test_watchlist_post_get.&lt;locals&gt;.&lt;genexpr&gt; at 0xfc0fd506b760&gt;)</failure></testcase><testcase classname="backend.tests.test_v3_ma_engine" name="test_rebuild_competitor_graph" time="0.293" /><testcase classname="backend.tests.test_v3_ma_engine" name="test_graph_traverse" time="0.108" /><testcase classname="backend.tests.test_v3_ma_engine" name="test_control_synergy" time="0.103" /><testcase classname="backend.tests.test_v3_ma_engine" name="test_apikey_missing_rejected" time="0.096" /><testcase classname="backend.tests.test_v3_ma_engine" name="test_apikey_invalid_rejected" time="0.097" /><testcase classname="backend.tests.test_v3_ma_engine" name="test_jwt_missing_rejected" time="0.108" /></testsuite></testsuites>